<?xml version="1.0" encoding="UTF-8"?>
<!-- Generated by org.testng.reporters.JUnitReportReporter -->
<testsuite hostname="SheliAshkenazi" name="com.experitest.auto.AndroidDemoTest" tests="1" failures="0" timestamp="22 Jan 2018 11:04:53 GMT" time="18.807" errors="0">
  <testcase name="test" time="18.807" classname="com.experitest.auto.AndroidDemoTest"/>
</testsuite> <!-- com.experitest.auto.AndroidDemoTest -->
